This is e-pTeX, Version 3.1415926-p3.4-110825-2.6 (utf8.sjis) (TeX Live 2013/W32TeX) (format=platex 2014.12.26)  31 JUL 2015 00:09
entering extended mode
 restricted \write18 enabled.
 %&-line parsing enabled.
**TeXtable
(./TeXtable.tex
pLaTeX2e <2006/11/10> (based on LaTeX2e <2011/06/27> patch level 0)
Babel <3.9f> and hyphenation patterns for 78 languages loaded.
(c:/texlive/2013/texmf-dist/tex/platex/jsclasses/jsarticle.cls
Document Class: jsarticle 2013/05/14 okumura
LaTeX Info: Redefining \rmfamily on input line 332.
LaTeX Info: Redefining \sffamily on input line 335.
LaTeX Info: Redefining \ttfamily on input line 338.
\symmincho=\mathgroup4
LaTeX Font Info:    Overwriting symbol font `mincho' in version `bold'
(Font)                  JY1/mc/m/n --> JY1/gt/m/n on input line 403.
LaTeX Font Info:    Font shape `JT1/mc/m/n' will be
(Font)              scaled to size 9.60999pt on input line 593.
LaTeX Font Info:    Font shape `JY1/mc/m/n' will be
(Font)              scaled to size 9.60999pt on input line 593.
\fullwidth=\dimen118
LaTeX Font Info:    Font shape `JT1/mc/m/n' will be
(Font)              scaled to size 7.68799pt on input line 740.
LaTeX Font Info:    Font shape `JY1/mc/m/n' will be
(Font)              scaled to size 7.68799pt on input line 740.
\c@part=\count81
\c@section=\count82
\c@subsection=\count83
\c@subsubsection=\count84
\c@paragraph=\count85
\c@subparagraph=\count86
\@abstractbox=\box41
\c@figure=\count87
\c@table=\count88
\abovecaptionskip=\skip41
\belowcaptionskip=\skip42
\@lnumwidth=\dimen119
\bibindent=\dimen120
LaTeX Info: Redefining \TeX on input line 1697.
LaTeX Info: Redefining \LaTeX on input line 1723.
LaTeX Info: Redefining \LaTeXe on input line 1748.
\heisei=\count89
) (c:/texlive/2013/texmf-dist/tex/latex/amsmath/amsmath.sty
Package: amsmath 2013/01/14 v2.14 AMS math features
\@mathmargin=\skip43

For additional information on amsmath, use the `?' option.
(c:/texlive/2013/texmf-dist/tex/latex/amsmath/amstext.sty
Package: amstext 2000/06/29 v2.01

(c:/texlive/2013/texmf-dist/tex/latex/amsmath/amsgen.sty
File: amsgen.sty 1999/11/30 v2.0
\@emptytoks=\toks15
\ex@=\dimen121
))
(c:/texlive/2013/texmf-dist/tex/latex/amsmath/amsbsy.sty
Package: amsbsy 1999/11/29 v1.2d
\pmbraise@=\dimen122
)
(c:/texlive/2013/texmf-dist/tex/latex/amsmath/amsopn.sty
Package: amsopn 1999/12/14 v2.01 operator names
)
\inf@bad=\count90
LaTeX Info: Redefining \frac on input line 210.
\uproot@=\count91
\leftroot@=\count92
LaTeX Info: Redefining \overline on input line 306.
\classnum@=\count93
\DOTSCASE@=\count94
LaTeX Info: Redefining \ldots on input line 378.
LaTeX Info: Redefining \dots on input line 381.
LaTeX Info: Redefining \cdots on input line 466.
\Mathstrutbox@=\box42
\strutbox@=\box43
\big@size=\dimen123
LaTeX Font Info:    Redeclaring font encoding OML on input line 566.
LaTeX Font Info:    Redeclaring font encoding OMS on input line 567.
\macc@depth=\count95
\c@MaxMatrixCols=\count96
\dotsspace@=\muskip10
\c@parentequation=\count97
\dspbrk@lvl=\count98
\tag@help=\toks16
\row@=\count99
\column@=\count100
\maxfields@=\count101
\andhelp@=\toks17
\eqnshift@=\dimen124
\alignsep@=\dimen125
\tagshift@=\dimen126
\tagwidth@=\dimen127
\totwidth@=\dimen128
\lineht@=\dimen129
\@envbody=\toks18
\multlinegap=\skip44
\multlinetaggap=\skip45
\mathdisplay@stack=\toks19
LaTeX Info: Redefining \[ on input line 2665.
LaTeX Info: Redefining \] on input line 2666.
)
(c:/texlive/2013/texmf-dist/tex/latex/amsfonts/amssymb.sty
Package: amssymb 2013/01/14 v3.01 AMS font symbols

(c:/texlive/2013/texmf-dist/tex/latex/amsfonts/amsfonts.sty
Package: amsfonts 2013/01/14 v3.01 Basic AMSFonts support
\symAMSa=\mathgroup5
\symAMSb=\mathgroup6
LaTeX Font Info:    Overwriting math alphabet `\mathfrak' in version `bold'
(Font)                  U/euf/m/n --> U/euf/b/n on input line 106.
))
(c:/texlive/2013/texmf-dist/tex/latex/tools/bm.sty
Package: bm 2004/02/26 v1.1c Bold Symbol Support (DPC/FMi)
\symboldoperators=\mathgroup7
\symboldletters=\mathgroup8
\symboldsymbols=\mathgroup9
\symboldmincho=\mathgroup10
LaTeX Font Info:    Redeclaring math alphabet \mathbf on input line 138.
LaTeX Info: Redefining \bm on input line 204.
)
(c:/texlive/2013/texmf-dist/tex/latex/graphics/graphicx.sty
Package: graphicx 1999/02/16 v1.0f Enhanced LaTeX Graphics (DPC,SPQR)

(c:/texlive/2013/texmf-dist/tex/latex/graphics/keyval.sty
Package: keyval 1999/03/16 v1.13 key=value parser (DPC)
\KV@toks@=\toks20
)
(c:/texlive/2013/texmf-dist/tex/latex/graphics/graphics.sty
Package: graphics 2009/02/05 v1.0o Standard LaTeX Graphics (DPC,SPQR)

(c:/texlive/2013/texmf-dist/tex/latex/graphics/trig.sty
Package: trig 1999/03/16 v1.09 sin cos tan (DPC)
)
(c:/texlive/2013/texmf-dist/tex/latex/latexconfig/graphics.cfg
File: graphics.cfg 2010/04/23 v1.9 graphics configuration of TeX Live
)
Package graphics Info: Driver file: dvipdfmx.def on input line 91.

(c:/texlive/2013/texmf-dist/tex/latex/dvipdfmx-def/dvipdfmx.def
File: dvipdfmx.def 2013/09/21 v3.3 LaTeX graphics driver for dvipdfmx (TeX Live
/ChoF)
))
\Gin@req@height=\dimen130
\Gin@req@width=\dimen131
)
(c:/texlive/2013/texmf-dist/tex/latex/wrapfig/wrapfig.sty
\wrapoverhang=\dimen132
\WF@size=\dimen133
\c@WF@wrappedlines=\count102
\WF@box=\box44
\WF@everypar=\toks21
Package: wrapfig 2003/01/31  v 3.6
)
(c:/texlive/2013/texmf-dist/tex/latex/tools/longtable.sty
Package: longtable 2004/02/01 v4.11 Multi-page Table package (DPC)
\LTleft=\skip46
\LTright=\skip47
\LTpre=\skip48
\LTpost=\skip49
\LTchunksize=\count103
\LTcapwidth=\dimen134
\LT@head=\box45
\LT@firsthead=\box46
\LT@foot=\box47
\LT@lastfoot=\box48
\LT@cols=\count104
\LT@rows=\count105
\c@LT@tables=\count106
\c@LT@chunks=\count107
\LT@p@ftn=\toks22
)
(c:/texlive/2013/texmf-dist/tex/latex/tools/hhline.sty
Package: hhline 1994/05/23 v2.03 Table rule package (DPC)
) (./TeXtable.aux

LaTeX Warning: Label `sample4' multiply defined.


LaTeX Warning: Label `sample4' multiply defined.


LaTeX Warning: Label `sample4' multiply defined.

)
\openout1 = `TeXtable.aux'.

LaTeX Font Info:    Checking defaults for OML/cmm/m/it on input line 31.
LaTeX Font Info:    ... okay on input line 31.
LaTeX Font Info:    Checking defaults for T1/cmr/m/n on input line 31.
LaTeX Font Info:    ... okay on input line 31.
LaTeX Font Info:    Checking defaults for OT1/cmr/m/n on input line 31.
LaTeX Font Info:    ... okay on input line 31.
LaTeX Font Info:    Checking defaults for OMS/cmsy/m/n on input line 31.
LaTeX Font Info:    ... okay on input line 31.
LaTeX Font Info:    Checking defaults for OMX/cmex/m/n on input line 31.
LaTeX Font Info:    ... okay on input line 31.
LaTeX Font Info:    Checking defaults for U/cmr/m/n on input line 31.
LaTeX Font Info:    ... okay on input line 31.
LaTeX Font Info:    Checking defaults for JY1/mc/m/n on input line 31.
LaTeX Font Info:    ... okay on input line 31.
LaTeX Font Info:    Checking defaults for JT1/mc/m/n on input line 31.
LaTeX Font Info:    ... okay on input line 31.
LaTeX Font Info:    Font shape `JT1/mc/m/n' will be
(Font)              scaled to size 16.60605pt on input line 32.
LaTeX Font Info:    Font shape `JY1/mc/m/n' will be
(Font)              scaled to size 16.60605pt on input line 32.
LaTeX Font Info:    Font shape `JT1/mc/m/n' will be
(Font)              scaled to size 11.53198pt on input line 32.
LaTeX Font Info:    Font shape `JY1/mc/m/n' will be
(Font)              scaled to size 11.53198pt on input line 32.
LaTeX Font Info:    Font shape `JY1/mc/m/n' will be
(Font)              scaled to size 5.76599pt on input line 32.
LaTeX Font Info:    Try loading font information for U+msa on input line 32.
 (c:/texlive/2013/texmf-dist/tex/latex/amsfonts/umsa.fd
File: umsa.fd 2013/01/14 v3.01 AMS symbols A
)
LaTeX Font Info:    Try loading font information for U+msb on input line 32.

(c:/texlive/2013/texmf-dist/tex/latex/amsfonts/umsb.fd
File: umsb.fd 2013/01/14 v3.01 AMS symbols B
)
LaTeX Font Info:    Font shape `JY1/gt/m/n' will be
(Font)              scaled to size 11.53198pt on input line 32.
LaTeX Font Info:    Font shape `JY1/gt/m/n' will be
(Font)              scaled to size 7.68799pt on input line 32.
LaTeX Font Info:    Font shape `JY1/gt/m/n' will be
(Font)              scaled to size 5.76599pt on input line 32.
LaTeX Font Info:    Font shape `JT1/mc/m/n' will be
(Font)              scaled to size 13.83836pt on input line 34.
LaTeX Font Info:    Font shape `JY1/mc/m/n' will be
(Font)              scaled to size 13.83836pt on input line 34.
LaTeX Font Info:    Font shape `JT1/gt/m/n' will be
(Font)              scaled to size 13.83836pt on input line 34.
LaTeX Font Info:    Font shape `JY1/gt/m/n' will be
(Font)              scaled to size 13.83836pt on input line 34.
LaTeX Font Info:    Font shape `JY1/mc/m/n' will be
(Font)              scaled to size 6.72699pt on input line 38.
LaTeX Font Info:    Font shape `JY1/mc/m/n' will be
(Font)              scaled to size 4.805pt on input line 38.
LaTeX Font Info:    Font shape `JY1/gt/m/n' will be
(Font)              scaled to size 9.60999pt on input line 38.
LaTeX Font Info:    Font shape `JY1/gt/m/n' will be
(Font)              scaled to size 6.72699pt on input line 38.
LaTeX Font Info:    Font shape `JY1/gt/m/n' will be
(Font)              scaled to size 4.805pt on input line 38.
LaTeX Font Info:    Font shape `JT1/mc/m/n' will be
(Font)              scaled to size 8.64899pt on input line 45.
LaTeX Font Info:    Font shape `JY1/mc/m/n' will be
(Font)              scaled to size 8.64899pt on input line 45.
 [1

] [2] [3] [4]
[5] (./TeXtable.aux)

LaTeX Warning: There were multiply-defined labels.

 ) 
Here is how much of TeX's memory you used:
 1911 strings out of 494004
 21491 string characters out of 6157310
 113921 words of memory out of 5000000
 5354 multiletter control sequences out of 15000+600000
 23387 words of font info for 102 fonts, out of 8000000 for 9000
 750 hyphenation exceptions out of 8191
 27i,9n,26p,215b,289s stack positions out of 5000i,500n,10000p,200000b,80000s

Output written on TeXtable.dvi (5 pages, 40540 bytes).
